[ 2014-03-03T09:16:22+08:00 ] 127.0.0.1 /myproject/Admin/Suggest/server/php/
ERR: 非法操作:server

[ 2014-03-03T09:16:22+08:00 ] 127.0.0.1 /myproject/Admin/Suggest/server/php/
INFO: [ app_begin ] --START--
INFO: Run Behavior\ReadHtmlCache [ RunTime:0.000714s ]
INFO: [ app_begin ] --END-- [ RunTime:0.001151s ]
INFO: [ action_begin ] --START--
NOTIC: [2] Invalid argument supplied for foreach() E:\wamp\www\myproject\ThinkPHP\Library\Think\Hook.class.php 第 88 行.
INFO: [ action_begin ] --END-- [ RunTime:0.000103s ]
NOTIC: [2048] Declaration of Admin\Model\SuggestModel::save() should be compatible with that of Think\Model::save() E:\wamp\www\myproject\Application\Admin\Model\SuggestModel.class.php 第 11 行.
SQL: SHOW COLUMNS FROM `suggestion` [ RunTime:0.003364s ]
ERR: 非法操作:server

[ 2014-03-03T09:17:00+08:00 ] 127.0.0.1 /myproject/Admin/Suggest/server/php/
ERR: 非法操作:server

[ 2014-03-03T09:17:00+08:00 ] 127.0.0.1 /myproject/Admin/Suggest/server/php/
INFO: [ app_begin ] --START--
INFO: Run Behavior\ReadHtmlCache [ RunTime:0.000770s ]
INFO: [ app_begin ] --END-- [ RunTime:0.001901s ]
INFO: [ action_begin ] --START--
NOTIC: [2] Invalid argument supplied for foreach() E:\wamp\www\myproject\ThinkPHP\Library\Think\Hook.class.php 第 88 行.
INFO: [ action_begin ] --END-- [ RunTime:0.000098s ]
NOTIC: [2048] Declaration of Admin\Model\SuggestModel::save() should be compatible with that of Think\Model::save() E:\wamp\www\myproject\Application\Admin\Model\SuggestModel.class.php 第 11 行.
SQL: SHOW COLUMNS FROM `suggestion` [ RunTime:0.003306s ]
ERR: 非法操作:server

[ 2014-03-03T09:18:37+08:00 ] 127.0.0.1 /myproject/Admin/Suggest/server/php/
ERR: 非法操作:server

[ 2014-03-03T09:18:37+08:00 ] 127.0.0.1 /myproject/Admin/Suggest/server/php/
INFO: [ app_begin ] --START--
INFO: Run Behavior\ReadHtmlCache [ RunTime:0.000596s ]
INFO: [ app_begin ] --END-- [ RunTime:0.001075s ]
INFO: [ action_begin ] --START--
NOTIC: [2] Invalid argument supplied for foreach() E:\wamp\www\myproject\ThinkPHP\Library\Think\Hook.class.php 第 88 行.
INFO: [ action_begin ] --END-- [ RunTime:0.000099s ]
NOTIC: [2048] Declaration of Admin\Model\SuggestModel::save() should be compatible with that of Think\Model::save() E:\wamp\www\myproject\Application\Admin\Model\SuggestModel.class.php 第 11 行.
SQL: SHOW COLUMNS FROM `suggestion` [ RunTime:0.003449s ]
ERR: 非法操作:server

[ 2014-03-03T09:19:02+08:00 ] 127.0.0.1 /myproject/Admin/Suggest/server/php/
ERR: 非法操作:server

[ 2014-03-03T09:19:02+08:00 ] 127.0.0.1 /myproject/Admin/Suggest/server/php/
INFO: [ app_begin ] --START--
INFO: Run Behavior\ReadHtmlCache [ RunTime:0.000462s ]
INFO: [ app_begin ] --END-- [ RunTime:0.000832s ]
INFO: [ action_begin ] --START--
NOTIC: [2] Invalid argument supplied for foreach() E:\wamp\www\myproject\ThinkPHP\Library\Think\Hook.class.php 第 88 行.
INFO: [ action_begin ] --END-- [ RunTime:0.000100s ]
NOTIC: [2048] Declaration of Admin\Model\SuggestModel::save() should be compatible with that of Think\Model::save() E:\wamp\www\myproject\Application\Admin\Model\SuggestModel.class.php 第 11 行.
SQL: SHOW COLUMNS FROM `suggestion` [ RunTime:0.003370s ]
ERR: 非法操作:server

[ 2014-03-03T09:19:23+08:00 ] 127.0.0.1 /myproject/Admin/Suggest/server/php/
ERR: 非法操作:server

[ 2014-03-03T09:19:23+08:00 ] 127.0.0.1 /myproject/Admin/Suggest/server/php/
INFO: [ app_begin ] --START--
INFO: Run Behavior\ReadHtmlCache [ RunTime:0.000602s ]
INFO: [ app_begin ] --END-- [ RunTime:0.001038s ]
INFO: [ action_begin ] --START--
NOTIC: [2] Invalid argument supplied for foreach() E:\wamp\www\myproject\ThinkPHP\Library\Think\Hook.class.php 第 88 行.
INFO: [ action_begin ] --END-- [ RunTime:0.000107s ]
NOTIC: [2048] Declaration of Admin\Model\SuggestModel::save() should be compatible with that of Think\Model::save() E:\wamp\www\myproject\Application\Admin\Model\SuggestModel.class.php 第 11 行.
SQL: SHOW COLUMNS FROM `suggestion` [ RunTime:0.003486s ]
ERR: 非法操作:server

[ 2014-03-03T09:21:13+08:00 ] 127.0.0.1 /myproject/Admin/Suggest/%5Bobject%20Object%5D
INFO: [ app_begin ] --START--
INFO: Run Behavior\ReadHtmlCache [ RunTime:0.000614s ]
INFO: [ app_begin ] --END-- [ RunTime:0.001054s ]
INFO: [ action_begin ] --START--
NOTIC: [2] Invalid argument supplied for foreach() E:\wamp\www\myproject\ThinkPHP\Library\Think\Hook.class.php 第 88 行.
INFO: [ action_begin ] --END-- [ RunTime:0.000098s ]
NOTIC: [2048] Declaration of Admin\Model\SuggestModel::save() should be compatible with that of Think\Model::save() E:\wamp\www\myproject\Application\Admin\Model\SuggestModel.class.php 第 11 行.
SQL: SHOW COLUMNS FROM `suggestion` [ RunTime:0.003344s ]
ERR: 非法操作:[object object]

[ 2014-03-03T09:21:42+08:00 ] 127.0.0.1 /myproject/Admin/Suggest/%5Bobject%20Object%5D
INFO: [ app_begin ] --START--
INFO: Run Behavior\ReadHtmlCache [ RunTime:0.000621s ]
INFO: [ app_begin ] --END-- [ RunTime:0.001062s ]
INFO: [ action_begin ] --START--
NOTIC: [2] Invalid argument supplied for foreach() E:\wamp\www\myproject\ThinkPHP\Library\Think\Hook.class.php 第 88 行.
INFO: [ action_begin ] --END-- [ RunTime:0.000094s ]
NOTIC: [2048] Declaration of Admin\Model\SuggestModel::save() should be compatible with that of Think\Model::save() E:\wamp\www\myproject\Application\Admin\Model\SuggestModel.class.php 第 11 行.
SQL: SHOW COLUMNS FROM `suggestion` [ RunTime:0.003382s ]
ERR: 非法操作:[object object]

[ 2014-03-03T09:39:33+08:00 ] 127.0.0.1 /myproject/index.php/Admin/upload/upload
INFO: [ app_begin ] --START--
INFO: Run Behavior\ReadHtmlCache [ RunTime:0.000479s ]
INFO: [ app_begin ] --END-- [ RunTime:0.000881s ]
INFO: [ action_begin ] --START--
NOTIC: [2] Invalid argument supplied for foreach() E:\wamp\www\myproject\ThinkPHP\Library\Think\Hook.class.php 第 88 行.
INFO: [ action_begin ] --END-- [ RunTime:0.000114s ]

[ 2014-03-03T09:40:07+08:00 ] 127.0.0.1 /myproject/index.php/Admin/upload/upload
INFO: [ app_begin ] --START--
INFO: Run Behavior\ReadHtmlCache [ RunTime:0.000518s ]
INFO: [ app_begin ] --END-- [ RunTime:0.000922s ]
INFO: [ action_begin ] --START--
NOTIC: [2] Invalid argument supplied for foreach() E:\wamp\www\myproject\ThinkPHP\Library\Think\Hook.class.php 第 88 行.
INFO: [ action_begin ] --END-- [ RunTime:0.000101s ]

[ 2014-03-03T09:40:52+08:00 ] 127.0.0.1 /myproject/index.php/Admin/upload/upload
INFO: [ app_begin ] --START--
INFO: Run Behavior\ReadHtmlCache [ RunTime:0.000847s ]
INFO: [ app_begin ] --END-- [ RunTime:0.001594s ]
INFO: [ action_begin ] --START--
NOTIC: [2] Invalid argument supplied for foreach() E:\wamp\www\myproject\ThinkPHP\Library\Think\Hook.class.php 第 88 行.
INFO: [ action_begin ] --END-- [ RunTime:0.000100s ]

[ 2014-03-03T09:42:53+08:00 ] 127.0.0.1 /myproject/index.php/Admin/upload/upload
INFO: [ app_begin ] --START--
INFO: Run Behavior\ReadHtmlCache [ RunTime:0.000495s ]
INFO: [ app_begin ] --END-- [ RunTime:0.000937s ]
INFO: [ action_begin ] --START--
NOTIC: [2] Invalid argument supplied for foreach() E:\wamp\www\myproject\ThinkPHP\Library\Think\Hook.class.php 第 88 行.
INFO: [ action_begin ] --END-- [ RunTime:0.000100s ]

[ 2014-03-03T09:43:50+08:00 ] 127.0.0.1 /myproject/index.php/Admin/upload/upload
INFO: [ app_begin ] --START--
INFO: Run Behavior\ReadHtmlCache [ RunTime:0.000526s ]
INFO: [ app_begin ] --END-- [ RunTime:0.000967s ]
INFO: [ action_begin ] --START--
NOTIC: [2] Invalid argument supplied for foreach() E:\wamp\www\myproject\ThinkPHP\Library\Think\Hook.class.php 第 88 行.
INFO: [ action_begin ] --END-- [ RunTime:0.000106s ]

[ 2014-03-03T09:44:24+08:00 ] 127.0.0.1 /myproject/index.php/Admin/upload/upload
INFO: [ app_begin ] --START--
INFO: Run Behavior\ReadHtmlCache [ RunTime:0.000489s ]
INFO: [ app_begin ] --END-- [ RunTime:0.000906s ]
INFO: [ action_begin ] --START--
NOTIC: [2] Invalid argument supplied for foreach() E:\wamp\www\myproject\ThinkPHP\Library\Think\Hook.class.php 第 88 行.
INFO: [ action_begin ] --END-- [ RunTime:0.000115s ]

[ 2014-03-03T09:44:43+08:00 ] 127.0.0.1 /myproject/index.php/Admin/upload/upload
INFO: [ app_begin ] --START--
INFO: Run Behavior\ReadHtmlCache [ RunTime:0.000465s ]
INFO: [ app_begin ] --END-- [ RunTime:0.000880s ]
INFO: [ action_begin ] --START--
NOTIC: [2] Invalid argument supplied for foreach() E:\wamp\www\myproject\ThinkPHP\Library\Think\Hook.class.php 第 88 行.
INFO: [ action_begin ] --END-- [ RunTime:0.000127s ]

[ 2014-03-03T09:46:25+08:00 ] 127.0.0.1 /myproject/index.php/Admin/upload/upload
INFO: [ app_begin ] --START--
INFO: Run Behavior\ReadHtmlCache [ RunTime:0.000477s ]
INFO: [ app_begin ] --END-- [ RunTime:0.000859s ]
INFO: [ action_begin ] --START--
NOTIC: [2] Invalid argument supplied for foreach() E:\wamp\www\myproject\ThinkPHP\Library\Think\Hook.class.php 第 88 行.
INFO: [ action_begin ] --END-- [ RunTime:0.000105s ]

[ 2014-03-03T09:49:24+08:00 ] 127.0.0.1 /myproject/Admin/Suggest/server/php/
INFO: [ app_begin ] --START--
INFO: Run Behavior\ReadHtmlCache [ RunTime:0.000484s ]
INFO: [ app_begin ] --END-- [ RunTime:0.000881s ]
INFO: [ action_begin ] --START--
NOTIC: [2] Invalid argument supplied for foreach() E:\wamp\www\myproject\ThinkPHP\Library\Think\Hook.class.php 第 88 行.
INFO: [ action_begin ] --END-- [ RunTime:0.000105s ]
NOTIC: [2048] Declaration of Admin\Model\SuggestModel::save() should be compatible with that of Think\Model::save() E:\wamp\www\myproject\Application\Admin\Model\SuggestModel.class.php 第 11 行.
SQL: SHOW COLUMNS FROM `suggestion` [ RunTime:0.003432s ]
ERR: 非法操作:server

[ 2014-03-03T09:50:01+08:00 ] 127.0.0.1 /myproject/Admin/Suggest/server/php/
INFO: [ app_begin ] --START--
INFO: Run Behavior\ReadHtmlCache [ RunTime:0.000887s ]
INFO: [ app_begin ] --END-- [ RunTime:0.001369s ]
INFO: [ action_begin ] --START--
NOTIC: [2] Invalid argument supplied for foreach() E:\wamp\www\myproject\ThinkPHP\Library\Think\Hook.class.php 第 88 行.
INFO: [ action_begin ] --END-- [ RunTime:0.000127s ]
NOTIC: [2048] Declaration of Admin\Model\SuggestModel::save() should be compatible with that of Think\Model::save() E:\wamp\www\myproject\Application\Admin\Model\SuggestModel.class.php 第 11 行.
SQL: SHOW COLUMNS FROM `suggestion` [ RunTime:0.003660s ]
ERR: 非法操作:server

[ 2014-03-03T09:50:08+08:00 ] 127.0.0.1 /myproject/Admin/Suggest/server/php/
INFO: [ app_begin ] --START--
INFO: Run Behavior\ReadHtmlCache [ RunTime:0.000689s ]
INFO: [ app_begin ] --END-- [ RunTime:0.001137s ]
INFO: [ action_begin ] --START--
NOTIC: [2] Invalid argument supplied for foreach() E:\wamp\www\myproject\ThinkPHP\Library\Think\Hook.class.php 第 88 行.
INFO: [ action_begin ] --END-- [ RunTime:0.000104s ]
NOTIC: [2048] Declaration of Admin\Model\SuggestModel::save() should be compatible with that of Think\Model::save() E:\wamp\www\myproject\Application\Admin\Model\SuggestModel.class.php 第 11 行.
SQL: SHOW COLUMNS FROM `suggestion` [ RunTime:0.003309s ]
ERR: 非法操作:server

[ 2014-03-03T09:50:14+08:00 ] 127.0.0.1 /myproject/Admin/Suggest/server/php/
INFO: [ app_begin ] --START--
INFO: Run Behavior\ReadHtmlCache [ RunTime:0.000665s ]
INFO: [ app_begin ] --END-- [ RunTime:0.001107s ]
INFO: [ action_begin ] --START--
NOTIC: [2] Invalid argument supplied for foreach() E:\wamp\www\myproject\ThinkPHP\Library\Think\Hook.class.php 第 88 行.
INFO: [ action_begin ] --END-- [ RunTime:0.000117s ]
NOTIC: [2048] Declaration of Admin\Model\SuggestModel::save() should be compatible with that of Think\Model::save() E:\wamp\www\myproject\Application\Admin\Model\SuggestModel.class.php 第 11 行.
SQL: SHOW COLUMNS FROM `suggestion` [ RunTime:0.004194s ]
ERR: 非法操作:server

[ 2014-03-03T09:54:37+08:00 ] 127.0.0.1 /myproject/Admin/Suggest/%5Bobject%20Object%5D
INFO: [ app_begin ] --START--
INFO: Run Behavior\ReadHtmlCache [ RunTime:0.000656s ]
INFO: [ app_begin ] --END-- [ RunTime:0.001087s ]
INFO: [ action_begin ] --START--
NOTIC: [2] Invalid argument supplied for foreach() E:\wamp\www\myproject\ThinkPHP\Library\Think\Hook.class.php 第 88 行.
INFO: [ action_begin ] --END-- [ RunTime:0.000106s ]
NOTIC: [2048] Declaration of Admin\Model\SuggestModel::save() should be compatible with that of Think\Model::save() E:\wamp\www\myproject\Application\Admin\Model\SuggestModel.class.php 第 11 行.
SQL: SHOW COLUMNS FROM `suggestion` [ RunTime:0.003541s ]
ERR: 非法操作:[object object]

[ 2014-03-03T09:54:47+08:00 ] 127.0.0.1 /myproject/Admin/Suggest/%5Bobject%20Object%5D
INFO: [ app_begin ] --START--
INFO: Run Behavior\ReadHtmlCache [ RunTime:0.000889s ]
INFO: [ app_begin ] --END-- [ RunTime:0.001333s ]
INFO: [ action_begin ] --START--
NOTIC: [2] Invalid argument supplied for foreach() E:\wamp\www\myproject\ThinkPHP\Library\Think\Hook.class.php 第 88 行.
INFO: [ action_begin ] --END-- [ RunTime:0.000105s ]
NOTIC: [2048] Declaration of Admin\Model\SuggestModel::save() should be compatible with that of Think\Model::save() E:\wamp\www\myproject\Application\Admin\Model\SuggestModel.class.php 第 11 行.
SQL: SHOW COLUMNS FROM `suggestion` [ RunTime:0.003381s ]
ERR: 非法操作:[object object]

[ 2014-03-03T09:58:01+08:00 ] 127.0.0.1 /myproject/Admin/Suggest/%5Bobject%20Object%5D
INFO: [ app_begin ] --START--
INFO: Run Behavior\ReadHtmlCache [ RunTime:0.000636s ]
INFO: [ app_begin ] --END-- [ RunTime:0.001060s ]
INFO: [ action_begin ] --START--
NOTIC: [2] Invalid argument supplied for foreach() E:\wamp\www\myproject\ThinkPHP\Library\Think\Hook.class.php 第 88 行.
INFO: [ action_begin ] --END-- [ RunTime:0.000102s ]
NOTIC: [2048] Declaration of Admin\Model\SuggestModel::save() should be compatible with that of Think\Model::save() E:\wamp\www\myproject\Application\Admin\Model\SuggestModel.class.php 第 11 行.
SQL: SHOW COLUMNS FROM `suggestion` [ RunTime:0.003549s ]
ERR: 非法操作:[object object]

[ 2014-03-03T10:12:09+08:00 ] 127.0.0.1 /myproject/index.php/Admin/upload/upload
INFO: [ app_begin ] --START--
INFO: Run Behavior\ReadHtmlCache [ RunTime:0.000439s ]
INFO: [ app_begin ] --END-- [ RunTime:0.000824s ]
INFO: [ action_begin ] --START--
NOTIC: [2] Invalid argument supplied for foreach() E:\wamp\www\myproject\ThinkPHP\Library\Think\Hook.class.php 第 88 行.
INFO: [ action_begin ] --END-- [ RunTime:0.000103s ]
NOTIC: [2] call_user_func() expects parameter 1 to be a valid callback, no array or string given E:\wamp\www\myproject\ThinkPHP\Library\Think\Upload.class.php 第 167 行.

[ 2014-03-03T10:13:13+08:00 ] 127.0.0.1 /myproject/index.php/Admin/upload/upload
INFO: [ app_begin ] --START--
INFO: Run Behavior\ReadHtmlCache [ RunTime:0.000864s ]
INFO: [ app_begin ] --END-- [ RunTime:0.001378s ]
INFO: [ action_begin ] --START--
NOTIC: [2] Invalid argument supplied for foreach() E:\wamp\www\myproject\ThinkPHP\Library\Think\Hook.class.php 第 88 行.
INFO: [ action_begin ] --END-- [ RunTime:0.000199s ]
NOTIC: [2] call_user_func() expects parameter 1 to be a valid callback, no array or string given E:\wamp\www\myproject\ThinkPHP\Library\Think\Upload.class.php 第 167 行.
INFO: [ app_end ] --START--
INFO: Run Behavior\ShowPageTrace [ RunTime:0.000926s ]
INFO: [ app_end ] --END-- [ RunTime:0.001045s ]

[ 2014-03-03T10:13:31+08:00 ] 127.0.0.1 /myproject/index.php/Admin/upload/upload
INFO: [ app_begin ] --START--
INFO: Run Behavior\ReadHtmlCache [ RunTime:0.000907s ]
INFO: [ app_begin ] --END-- [ RunTime:0.001509s ]
INFO: [ action_begin ] --START--
NOTIC: [2] Invalid argument supplied for foreach() E:\wamp\www\myproject\ThinkPHP\Library\Think\Hook.class.php 第 88 行.
INFO: [ action_begin ] --END-- [ RunTime:0.000107s ]
NOTIC: [2] call_user_func() expects parameter 1 to be a valid callback, no array or string given E:\wamp\www\myproject\ThinkPHP\Library\Think\Upload.class.php 第 167 行.
INFO: [ app_end ] --START--
INFO: Run Behavior\ShowPageTrace [ RunTime:0.000879s ]
INFO: [ app_end ] --END-- [ RunTime:0.000982s ]

[ 2014-03-03T10:26:24+08:00 ] 127.0.0.1 /myproject/index.php/Admin/upload/upload
INFO: [ app_begin ] --START--
INFO: Run Behavior\ReadHtmlCache [ RunTime:0.000805s ]
INFO: [ app_begin ] --END-- [ RunTime:0.001336s ]
INFO: [ action_begin ] --START--
NOTIC: [2] Invalid argument supplied for foreach() E:\wamp\www\myproject\ThinkPHP\Library\Think\Hook.class.php 第 88 行.
INFO: [ action_begin ] --END-- [ RunTime:0.000127s ]
NOTIC: [2] call_user_func() expects parameter 1 to be a valid callback, no array or string given E:\wamp\www\myproject\ThinkPHP\Library\Think\Upload.class.php 第 167 行.
INFO: [ app_end ] --START--
INFO: Run Behavior\ShowPageTrace [ RunTime:0.001008s ]
INFO: [ app_end ] --END-- [ RunTime:0.001227s ]

[ 2014-03-03T10:27:10+08:00 ] 127.0.0.1 /myproject/index.php/Admin/upload/upload
INFO: [ app_begin ] --START--
INFO: Run Behavior\ReadHtmlCache [ RunTime:0.000547s ]
INFO: [ app_begin ] --END-- [ RunTime:0.000977s ]
INFO: [ action_begin ] --START--
NOTIC: [2] Invalid argument supplied for foreach() E:\wamp\www\myproject\ThinkPHP\Library\Think\Hook.class.php 第 88 行.
INFO: [ action_begin ] --END-- [ RunTime:0.000105s ]
NOTIC: [2] call_user_func() expects parameter 1 to be a valid callback, no array or string given E:\wamp\www\myproject\ThinkPHP\Library\Think\Upload.class.php 第 167 行.
INFO: [ app_end ] --START--
INFO: Run Behavior\ShowPageTrace [ RunTime:0.001051s ]
INFO: [ app_end ] --END-- [ RunTime:0.001167s ]

[ 2014-03-03T10:27:38+08:00 ] 127.0.0.1 /myproject/index.php/Admin/upload/upload
INFO: [ app_begin ] --START--
INFO: Run Behavior\ReadHtmlCache [ RunTime:0.000445s ]
INFO: [ app_begin ] --END-- [ RunTime:0.000836s ]
INFO: [ action_begin ] --START--
NOTIC: [2] Invalid argument supplied for foreach() E:\wamp\www\myproject\ThinkPHP\Library\Think\Hook.class.php 第 88 行.
INFO: [ action_begin ] --END-- [ RunTime:0.000099s ]
NOTIC: [2] call_user_func() expects parameter 1 to be a valid callback, no array or string given E:\wamp\www\myproject\ThinkPHP\Library\Think\Upload.class.php 第 167 行.
INFO: [ app_end ] --START--
INFO: Run Behavior\ShowPageTrace [ RunTime:0.001297s ]
INFO: [ app_end ] --END-- [ RunTime:0.001419s ]

[ 2014-03-03T10:28:38+08:00 ] 127.0.0.1 /myproject/index.php/Admin/upload/upload
INFO: [ app_begin ] --START--
INFO: Run Behavior\ReadHtmlCache [ RunTime:0.000993s ]
INFO: [ app_begin ] --END-- [ RunTime:0.001569s ]
INFO: [ action_begin ] --START--
NOTIC: [2] Invalid argument supplied for foreach() E:\wamp\www\myproject\ThinkPHP\Library\Think\Hook.class.php 第 88 行.
INFO: [ action_begin ] --END-- [ RunTime:0.000120s ]
NOTIC: [2] call_user_func() expects parameter 1 to be a valid callback, no array or string given E:\wamp\www\myproject\ThinkPHP\Library\Think\Upload.class.php 第 167 行.
INFO: [ app_end ] --START--
INFO: Run Behavior\ShowPageTrace [ RunTime:0.000842s ]
INFO: [ app_end ] --END-- [ RunTime:0.000955s ]

[ 2014-03-03T10:28:54+08:00 ] 127.0.0.1 /myproject/index.php/Admin/upload/upload
INFO: [ app_begin ] --START--
INFO: Run Behavior\ReadHtmlCache [ RunTime:0.000703s ]
INFO: [ app_begin ] --END-- [ RunTime:0.001168s ]
INFO: [ action_begin ] --START--
NOTIC: [2] Invalid argument supplied for foreach() E:\wamp\www\myproject\ThinkPHP\Library\Think\Hook.class.php 第 88 行.
INFO: [ action_begin ] --END-- [ RunTime:0.000118s ]
NOTIC: [2] call_user_func() expects parameter 1 to be a valid callback, no array or string given E:\wamp\www\myproject\ThinkPHP\Library\Think\Upload.class.php 第 167 行.
INFO: [ app_end ] --START--
INFO: Run Behavior\ShowPageTrace [ RunTime:0.000692s ]
INFO: [ app_end ] --END-- [ RunTime:0.000810s ]

[ 2014-03-03T10:33:42+08:00 ] 127.0.0.1 /myproject/index.php/Admin/upload/upload
INFO: [ app_begin ] --START--
INFO: Run Behavior\ReadHtmlCache [ RunTime:0.000686s ]
INFO: [ app_begin ] --END-- [ RunTime:0.001143s ]
INFO: [ action_begin ] --START--
NOTIC: [2] Invalid argument supplied for foreach() E:\wamp\www\myproject\ThinkPHP\Library\Think\Hook.class.php 第 88 行.
INFO: [ action_begin ] --END-- [ RunTime:0.000108s ]
NOTIC: [2] call_user_func() expects parameter 1 to be a valid callback, no array or string given E:\wamp\www\myproject\ThinkPHP\Library\Think\Upload.class.php 第 167 行.
INFO: [ app_end ] --START--
INFO: Run Behavior\ShowPageTrace [ RunTime:0.000688s ]
INFO: [ app_end ] --END-- [ RunTime:0.000795s ]

[ 2014-03-03T10:40:36+08:00 ] 127.0.0.1 /myproject/index.php/Admin/upload/upload
INFO: [ app_begin ] --START--
INFO: Run Behavior\ReadHtmlCache [ RunTime:0.000721s ]
INFO: [ app_begin ] --END-- [ RunTime:0.001171s ]
INFO: [ action_begin ] --START--
NOTIC: [2] Invalid argument supplied for foreach() E:\wamp\www\myproject\ThinkPHP\Library\Think\Hook.class.php 第 88 行.
INFO: [ action_begin ] --END-- [ RunTime:0.000111s ]
NOTIC: [2] call_user_func() expects parameter 1 to be a valid callback, no array or string given E:\wamp\www\myproject\ThinkPHP\Library\Think\Upload.class.php 第 167 行.
INFO: [ app_end ] --START--
INFO: Run Behavior\ShowPageTrace [ RunTime:0.000729s ]
INFO: [ app_end ] --END-- [ RunTime:0.000841s ]

[ 2014-03-03T11:12:03+08:00 ] 127.0.0.1 /myproject/index.php/Admin/upload/upload
INFO: [ app_begin ] --START--
INFO: Run Behavior\ReadHtmlCache [ RunTime:0.000645s ]
INFO: [ app_begin ] --END-- [ RunTime:0.001108s ]
INFO: [ action_begin ] --START--
NOTIC: [2] Invalid argument supplied for foreach() E:\wamp\www\myproject\ThinkPHP\Library\Think\Hook.class.php 第 88 行.
INFO: [ action_begin ] --END-- [ RunTime:0.000099s ]
NOTIC: [2] call_user_func() expects parameter 1 to be a valid callback, no array or string given E:\wamp\www\myproject\ThinkPHP\Library\Think\Upload.class.php 第 167 行.
INFO: [ app_end ] --START--
INFO: Run Behavior\ShowPageTrace [ RunTime:0.001520s ]
INFO: [ app_end ] --END-- [ RunTime:0.001829s ]

[ 2014-03-03T11:12:13+08:00 ] 127.0.0.1 /myproject/index.php/Admin/upload/upload
INFO: [ app_begin ] --START--
INFO: Run Behavior\ReadHtmlCache [ RunTime:0.000702s ]
INFO: [ app_begin ] --END-- [ RunTime:0.001166s ]
INFO: [ action_begin ] --START--
NOTIC: [2] Invalid argument supplied for foreach() E:\wamp\www\myproject\ThinkPHP\Library\Think\Hook.class.php 第 88 行.
INFO: [ action_begin ] --END-- [ RunTime:0.000110s ]
NOTIC: [2] call_user_func() expects parameter 1 to be a valid callback, no array or string given E:\wamp\www\myproject\ThinkPHP\Library\Think\Upload.class.php 第 167 行.
INFO: [ app_end ] --START--
INFO: Run Behavior\ShowPageTrace [ RunTime:0.000749s ]
INFO: [ app_end ] --END-- [ RunTime:0.000860s ]

[ 2014-03-03T11:12:34+08:00 ] 127.0.0.1 /myproject/index.php/Admin/upload/upload
INFO: [ app_begin ] --START--
INFO: Run Behavior\ReadHtmlCache [ RunTime:0.000675s ]
INFO: [ app_begin ] --END-- [ RunTime:0.001137s ]
INFO: [ action_begin ] --START--
NOTIC: [2] Invalid argument supplied for foreach() E:\wamp\www\myproject\ThinkPHP\Library\Think\Hook.class.php 第 88 行.
INFO: [ action_begin ] --END-- [ RunTime:0.000113s ]
NOTIC: [2] call_user_func() expects parameter 1 to be a valid callback, no array or string given E:\wamp\www\myproject\ThinkPHP\Library\Think\Upload.class.php 第 167 行.
INFO: [ app_end ] --START--
INFO: Run Behavior\ShowPageTrace [ RunTime:0.000745s ]
INFO: [ app_end ] --END-- [ RunTime:0.000858s ]

[ 2014-03-03T11:12:39+08:00 ] 127.0.0.1 /myproject/index.php/Admin/upload/upload
INFO: [ app_begin ] --START--
INFO: Run Behavior\ReadHtmlCache [ RunTime:0.000690s ]
INFO: [ app_begin ] --END-- [ RunTime:0.001155s ]
INFO: [ action_begin ] --START--
NOTIC: [2] Invalid argument supplied for foreach() E:\wamp\www\myproject\ThinkPHP\Library\Think\Hook.class.php 第 88 行.
INFO: [ action_begin ] --END-- [ RunTime:0.000104s ]
NOTIC: [2] call_user_func() expects parameter 1 to be a valid callback, no array or string given E:\wamp\www\myproject\ThinkPHP\Library\Think\Upload.class.php 第 167 行.
INFO: [ app_end ] --START--
INFO: Run Behavior\ShowPageTrace [ RunTime:0.000691s ]
INFO: [ app_end ] --END-- [ RunTime:0.000804s ]

[ 2014-03-03T11:12:47+08:00 ] 127.0.0.1 /myproject/index.php/Admin/upload/upload
INFO: [ app_begin ] --START--
INFO: Run Behavior\ReadHtmlCache [ RunTime:0.000699s ]
INFO: [ app_begin ] --END-- [ RunTime:0.001187s ]
INFO: [ action_begin ] --START--
NOTIC: [2] Invalid argument supplied for foreach() E:\wamp\www\myproject\ThinkPHP\Library\Think\Hook.class.php 第 88 行.
INFO: [ action_begin ] --END-- [ RunTime:0.000099s ]
NOTIC: [2] call_user_func() expects parameter 1 to be a valid callback, no array or string given E:\wamp\www\myproject\ThinkPHP\Library\Think\Upload.class.php 第 167 行.
INFO: [ app_end ] --START--
INFO: Run Behavior\ShowPageTrace [ RunTime:0.000811s ]
INFO: [ app_end ] --END-- [ RunTime:0.000931s ]

[ 2014-03-03T11:33:26+08:00 ] 127.0.0.1 /myproject/index.php/Admin/upload/upload
INFO: [ app_begin ] --START--
INFO: Run Behavior\ReadHtmlCache [ RunTime:0.000813s ]
INFO: [ app_begin ] --END-- [ RunTime:0.001332s ]
INFO: [ action_begin ] --START--
NOTIC: [2] Invalid argument supplied for foreach() E:\wamp\www\myproject\ThinkPHP\Library\Think\Hook.class.php 第 88 行.
INFO: [ action_begin ] --END-- [ RunTime:0.000118s ]
NOTIC: [2] call_user_func() expects parameter 1 to be a valid callback, no array or string given E:\wamp\www\myproject\ThinkPHP\Library\Think\Upload.class.php 第 167 行.
SQL: SHOW COLUMNS FROM `attachment` [ RunTime:0.002950s ]
ERR: 1146:Table 'myproject.attachment' doesn't exist
 [ SQL语句 ] : SHOW COLUMNS FROM `attachment`
SQL: INSERT INTO `attachment` (`key`,`name`,`type`,`size`,`ext`,`md5`,`sha1`,`savename`,`savepath`) VALUES ('files','麦包包修改.doc','application/msword',515584,'doc','0a07a891767964e912a251d111fdf9c4','9699fb365ac6bc6d8f65c7be642b5768259c5cde','5313f806e519a.doc','2014-03-03/') [ RunTime:0.000250s ]
ERR: 1146:Table 'myproject.attachment' doesn't exist
 [ SQL语句 ] : INSERT INTO `attachment` (`key`,`name`,`type`,`size`,`ext`,`md5`,`sha1`,`savename`,`savepath`) VALUES ('files','麦包包修改.doc','application/msword',515584,'doc','0a07a891767964e912a251d111fdf9c4','9699fb365ac6bc6d8f65c7be642b5768259c5cde','5313f806e519a.doc','2014-03-03/')
INFO: [ app_end ] --START--
INFO: Run Behavior\ShowPageTrace [ RunTime:0.000832s ]
INFO: [ app_end ] --END-- [ RunTime:0.000935s ]

[ 2014-03-03T11:36:17+08:00 ] 127.0.0.1 /myproject/index.php/Admin/upload/upload
INFO: [ app_begin ] --START--
INFO: Run Behavior\ReadHtmlCache [ RunTime:0.000696s ]
INFO: [ app_begin ] --END-- [ RunTime:0.001155s ]
INFO: [ action_begin ] --START--
NOTIC: [2] Invalid argument supplied for foreach() E:\wamp\www\myproject\ThinkPHP\Library\Think\Hook.class.php 第 88 行.
INFO: [ action_begin ] --END-- [ RunTime:0.000101s ]
NOTIC: [2] call_user_func() expects parameter 1 to be a valid callback, no array or string given E:\wamp\www\myproject\ThinkPHP\Library\Think\Upload.class.php 第 167 行.
SQL: SHOW COLUMNS FROM `attachment` [ RunTime:0.003246s ]
ERR: 1146:Table 'myproject.attachment' doesn't exist
 [ SQL语句 ] : SHOW COLUMNS FROM `attachment`

[ 2014-03-03T11:42:07+08:00 ] 127.0.0.1 /myproject/index.php/Admin/upload/upload
INFO: [ app_begin ] --START--
INFO: Run Behavior\ReadHtmlCache [ RunTime:0.001106s ]
INFO: [ app_begin ] --END-- [ RunTime:0.001819s ]
INFO: [ action_begin ] --START--
NOTIC: [2] Invalid argument supplied for foreach() E:\wamp\www\myproject\ThinkPHP\Library\Think\Hook.class.php 第 88 行.
INFO: [ action_begin ] --END-- [ RunTime:0.000167s ]
NOTIC: [2] call_user_func() expects parameter 1 to be a valid callback, no array or string given E:\wamp\www\myproject\ThinkPHP\Library\Think\Upload.class.php 第 167 行.
SQL: INSERT INTO `attachment` (`name`,`size`,`ext`,`md5`,`sha1`,`savename`,`savepath`) VALUES ('麦包包修改.doc',515584,'doc','0a07a891767964e912a251d111fdf9c4','9699fb365ac6bc6d8f65c7be642b5768259c5cde','5313fa0f84b5e.doc','2014-03-03/') [ RunTime:0.000266s ]
ERR: 1146:Table 'myproject.attachment' doesn't exist
 [ SQL语句 ] : INSERT INTO `attachment` (`name`,`size`,`ext`,`md5`,`sha1`,`savename`,`savepath`) VALUES ('麦包包修改.doc',515584,'doc','0a07a891767964e912a251d111fdf9c4','9699fb365ac6bc6d8f65c7be642b5768259c5cde','5313fa0f84b5e.doc','2014-03-03/')
INFO: [ app_end ] --START--
INFO: Run Behavior\ShowPageTrace [ RunTime:0.000717s ]
INFO: [ app_end ] --END-- [ RunTime:0.000817s ]

[ 2014-03-03T11:43:23+08:00 ] 127.0.0.1 /myproject/index.php/Admin/upload/upload
INFO: [ app_begin ] --START--
INFO: Run Behavior\ReadHtmlCache [ RunTime:0.000661s ]
INFO: [ app_begin ] --END-- [ RunTime:0.001075s ]
INFO: [ action_begin ] --START--
NOTIC: [2] Invalid argument supplied for foreach() E:\wamp\www\myproject\ThinkPHP\Library\Think\Hook.class.php 第 88 行.
INFO: [ action_begin ] --END-- [ RunTime:0.000288s ]
NOTIC: [2] call_user_func() expects parameter 1 to be a valid callback, no array or string given E:\wamp\www\myproject\ThinkPHP\Library\Think\Upload.class.php 第 167 行.

[ 2014-03-03T11:44:12+08:00 ] 127.0.0.1 /myproject/index.php/Admin/upload/upload
INFO: [ app_begin ] --START--
INFO: Run Behavior\ReadHtmlCache [ RunTime:0.000678s ]
INFO: [ app_begin ] --END-- [ RunTime:0.001076s ]
INFO: [ action_begin ] --START--
NOTIC: [2] Invalid argument supplied for foreach() E:\wamp\www\myproject\ThinkPHP\Library\Think\Hook.class.php 第 88 行.
INFO: [ action_begin ] --END-- [ RunTime:0.000104s ]
NOTIC: [2] call_user_func() expects parameter 1 to be a valid callback, no array or string given E:\wamp\www\myproject\ThinkPHP\Library\Think\Upload.class.php 第 167 行.

[ 2014-03-03T11:45:38+08:00 ] 127.0.0.1 /myproject/index.php/Admin/upload/upload
INFO: [ app_begin ] --START--
INFO: Run Behavior\ReadHtmlCache [ RunTime:0.000461s ]
INFO: [ app_begin ] --END-- [ RunTime:0.000868s ]
INFO: [ action_begin ] --START--
NOTIC: [2] Invalid argument supplied for foreach() E:\wamp\www\myproject\ThinkPHP\Library\Think\Hook.class.php 第 88 行.
INFO: [ action_begin ] --END-- [ RunTime:0.000105s ]
NOTIC: [2] call_user_func() expects parameter 1 to be a valid callback, no array or string given E:\wamp\www\myproject\ThinkPHP\Library\Think\Upload.class.php 第 167 行.

[ 2014-03-03T11:46:03+08:00 ] 127.0.0.1 /myproject/index.php/Admin/upload/upload
INFO: [ app_begin ] --START--
INFO: Run Behavior\ReadHtmlCache [ RunTime:0.000880s ]
INFO: [ app_begin ] --END-- [ RunTime:0.001404s ]
INFO: [ action_begin ] --START--
NOTIC: [2] Invalid argument supplied for foreach() E:\wamp\www\myproject\ThinkPHP\Library\Think\Hook.class.php 第 88 行.
INFO: [ action_begin ] --END-- [ RunTime:0.000107s ]
NOTIC: [2] call_user_func() expects parameter 1 to be a valid callback, no array or string given E:\wamp\www\myproject\ThinkPHP\Library\Think\Upload.class.php 第 167 行.
SQL: INSERT INTO `attachment` (`name`,`size`,`ext`,`md5`,`sha1`,`savename`,`savepath`) VALUES ('sports_meeting.sql',35316,'sql','1980dd10a040a48497bcaab0688fe43b','7c0b4507d1c629a4bca5f16e50e0bbd73cf6bfa0','5313fafb9ff47.sql','2014-03-03/') [ RunTime:0.000307s ]
ERR: 1146:Table 'myproject.attachment' doesn't exist
 [ SQL语句 ] : INSERT INTO `attachment` (`name`,`size`,`ext`,`md5`,`sha1`,`savename`,`savepath`) VALUES ('sports_meeting.sql',35316,'sql','1980dd10a040a48497bcaab0688fe43b','7c0b4507d1c629a4bca5f16e50e0bbd73cf6bfa0','5313fafb9ff47.sql','2014-03-03/')
INFO: [ app_end ] --START--
INFO: Run Behavior\ShowPageTrace [ RunTime:0.001040s ]
INFO: [ app_end ] --END-- [ RunTime:0.001143s ]

[ 2014-03-03T11:46:52+08:00 ] 127.0.0.1 /myproject/index.php/Admin/upload/upload
INFO: [ app_begin ] --START--
INFO: Run Behavior\ReadHtmlCache [ RunTime:0.000680s ]
INFO: [ app_begin ] --END-- [ RunTime:0.001128s ]
INFO: [ action_begin ] --START--
NOTIC: [2] Invalid argument supplied for foreach() E:\wamp\www\myproject\ThinkPHP\Library\Think\Hook.class.php 第 88 行.
INFO: [ action_begin ] --END-- [ RunTime:0.000152s ]
NOTIC: [2] call_user_func() expects parameter 1 to be a valid callback, no array or string given E:\wamp\www\myproject\ThinkPHP\Library\Think\Upload.class.php 第 167 行.
SQL: INSERT INTO `attachment` (`name`,`size`,`ext`,`md5`,`sha1`,`savename`,`savepath`) VALUES ('麦包包修改.doc',515584,'doc','0a07a891767964e912a251d111fdf9c4','9699fb365ac6bc6d8f65c7be642b5768259c5cde','5313fb2c397c6.doc','2014-03-03/') [ RunTime:0.000260s ]
ERR: 1146:Table 'myproject.attachment' doesn't exist
 [ SQL语句 ] : INSERT INTO `attachment` (`name`,`size`,`ext`,`md5`,`sha1`,`savename`,`savepath`) VALUES ('麦包包修改.doc',515584,'doc','0a07a891767964e912a251d111fdf9c4','9699fb365ac6bc6d8f65c7be642b5768259c5cde','5313fb2c397c6.doc','2014-03-03/')
INFO: [ app_end ] --START--
INFO: Run Behavior\ShowPageTrace [ RunTime:0.000749s ]
INFO: [ app_end ] --END-- [ RunTime:0.000854s ]

[ 2014-03-03T11:47:24+08:00 ] 127.0.0.1 /myproject/index.php/Admin/upload/upload
INFO: [ app_begin ] --START--
INFO: Run Behavior\ReadHtmlCache [ RunTime:0.000697s ]
INFO: [ app_begin ] --END-- [ RunTime:0.001134s ]
INFO: [ action_begin ] --START--
NOTIC: [2] Invalid argument supplied for foreach() E:\wamp\www\myproject\ThinkPHP\Library\Think\Hook.class.php 第 88 行.
INFO: [ action_begin ] --END-- [ RunTime:0.000116s ]
NOTIC: [2] call_user_func() expects parameter 1 to be a valid callback, no array or string given E:\wamp\www\myproject\ThinkPHP\Library\Think\Upload.class.php 第 167 行.

[ 2014-03-03T11:56:51+08:00 ] 127.0.0.1 /myproject/index.php/Admin/upload/upload
INFO: [ app_begin ] --START--
INFO: Run Behavior\ReadHtmlCache [ RunTime:0.000683s ]
INFO: [ app_begin ] --END-- [ RunTime:0.001111s ]
INFO: [ action_begin ] --START--
NOTIC: [2] Invalid argument supplied for foreach() E:\wamp\www\myproject\ThinkPHP\Library\Think\Hook.class.php 第 88 行.
INFO: [ action_begin ] --END-- [ RunTime:0.000106s ]
NOTIC: [2] call_user_func() expects parameter 1 to be a valid callback, no array or string given E:\wamp\www\myproject\ThinkPHP\Library\Think\Upload.class.php 第 167 行.

[ 2014-03-03T11:57:08+08:00 ] 127.0.0.1 /myproject/index.php/Admin/upload/upload
INFO: [ app_begin ] --START--
INFO: Run Behavior\ReadHtmlCache [ RunTime:0.000720s ]
INFO: [ app_begin ] --END-- [ RunTime:0.001268s ]
INFO: [ action_begin ] --START--
NOTIC: [2] Invalid argument supplied for foreach() E:\wamp\www\myproject\ThinkPHP\Library\Think\Hook.class.php 第 88 行.
INFO: [ action_begin ] --END-- [ RunTime:0.000113s ]
NOTIC: [2] call_user_func() expects parameter 1 to be a valid callback, no array or string given E:\wamp\www\myproject\ThinkPHP\Library\Think\Upload.class.php 第 167 行.

[ 2014-03-03T13:34:14+08:00 ] 127.0.0.1 /myproject/index.php/Admin/upload/upload
INFO: [ app_begin ] --START--
INFO: Run Behavior\ReadHtmlCache [ RunTime:0.000777s ]
INFO: [ app_begin ] --END-- [ RunTime:0.001320s ]
INFO: [ action_begin ] --START--
NOTIC: [2] Invalid argument supplied for foreach() E:\wamp\www\myproject\ThinkPHP\Library\Think\Hook.class.php 第 88 行.
INFO: [ action_begin ] --END-- [ RunTime:0.000134s ]
NOTIC: [2] call_user_func() expects parameter 1 to be a valid callback, no array or string given E:\wamp\www\myproject\ThinkPHP\Library\Think\Upload.class.php 第 167 行.
SQL: SHOW COLUMNS FROM `attachments` [ RunTime:0.003279s ]
ERR: Think\Model:addFiles方法不存在！

[ 2014-03-03T13:47:24+08:00 ] 127.0.0.1 /myproject/index.php/Admin/upload/upload
INFO: [ app_begin ] --START--
INFO: Run Behavior\ReadHtmlCache [ RunTime:0.001068s ]
INFO: [ app_begin ] --END-- [ RunTime:0.001734s ]
INFO: [ action_begin ] --START--
NOTIC: [2] Invalid argument supplied for foreach() E:\wamp\www\myproject\ThinkPHP\Library\Think\Hook.class.php 第 88 行.
INFO: [ action_begin ] --END-- [ RunTime:0.000150s ]
NOTIC: [2] call_user_func() expects parameter 1 to be a valid callback, no array or string given E:\wamp\www\myproject\ThinkPHP\Library\Think\Upload.class.php 第 167 行.
SQL: SHOW COLUMNS FROM `attachments` [ RunTime:0.003452s ]
ERR: Think\Model:addFiles方法不存在！

[ 2014-03-03T13:50:28+08:00 ] 127.0.0.1 /myproject/index.php/Admin/upload/upload
INFO: [ app_begin ] --START--
INFO: Run Behavior\ReadHtmlCache [ RunTime:0.000566s ]
INFO: [ app_begin ] --END-- [ RunTime:0.000928s ]
INFO: [ action_begin ] --START--
NOTIC: [2] Invalid argument supplied for foreach() E:\wamp\www\myproject\ThinkPHP\Library\Think\Hook.class.php 第 88 行.
INFO: [ action_begin ] --END-- [ RunTime:0.000098s ]
NOTIC: [2] call_user_func() expects parameter 1 to be a valid callback, no array or string given E:\wamp\www\myproject\ThinkPHP\Library\Think\Upload.class.php 第 167 行.
SQL: INSERT INTO `attachments` (`name`,`size`,`ext`,`md5`,`sha1`,`savename`,`savepath`) VALUES ('麦包包修改.doc',515584,'doc','0a07a891767964e912a251d111fdf9c4','9699fb365ac6bc6d8f65c7be642b5768259c5cde','5314182416916.doc','2014-03-03/') [ RunTime:0.073027s ]
INFO: [ app_end ] --START--
INFO: Run Behavior\ShowPageTrace [ RunTime:0.001050s ]
INFO: [ app_end ] --END-- [ RunTime:0.001157s ]

[ 2014-03-03T13:50:30+08:00 ] 127.0.0.1 /myproject/index.php/Admin/upload/upload
INFO: [ app_begin ] --START--
INFO: Run Behavior\ReadHtmlCache [ RunTime:0.000693s ]
INFO: [ app_begin ] --END-- [ RunTime:0.001150s ]
INFO: [ action_begin ] --START--
NOTIC: [2] Invalid argument supplied for foreach() E:\wamp\www\myproject\ThinkPHP\Library\Think\Hook.class.php 第 88 行.
INFO: [ action_begin ] --END-- [ RunTime:0.000110s ]
NOTIC: [2] call_user_func() expects parameter 1 to be a valid callback, no array or string given E:\wamp\www\myproject\ThinkPHP\Library\Think\Upload.class.php 第 167 行.
SQL: INSERT INTO `attachments` (`name`,`size`,`ext`,`md5`,`sha1`,`savename`,`savepath`) VALUES ('麦包包修改.doc',515584,'doc','0a07a891767964e912a251d111fdf9c4','9699fb365ac6bc6d8f65c7be642b5768259c5cde','531418263a23b.doc','2014-03-03/') [ RunTime:0.073766s ]
INFO: [ app_end ] --START--
INFO: Run Behavior\ShowPageTrace [ RunTime:0.001114s ]
INFO: [ app_end ] --END-- [ RunTime:0.001271s ]

[ 2014-03-03T13:51:08+08:00 ] 127.0.0.1 /myproject/index.php/Admin/upload/upload
INFO: [ app_begin ] --START--
INFO: Run Behavior\ReadHtmlCache [ RunTime:0.000676s ]
INFO: [ app_begin ] --END-- [ RunTime:0.001113s ]
INFO: [ action_begin ] --START--
NOTIC: [2] Invalid argument supplied for foreach() E:\wamp\www\myproject\ThinkPHP\Library\Think\Hook.class.php 第 88 行.
INFO: [ action_begin ] --END-- [ RunTime:0.000106s ]
NOTIC: [2] call_user_func() expects parameter 1 to be a valid callback, no array or string given E:\wamp\www\myproject\ThinkPHP\Library\Think\Upload.class.php 第 167 行.
SQL: INSERT INTO `attachments` (`name`,`size`,`ext`,`md5`,`sha1`,`savename`,`savepath`) VALUES ('麦包包修改.doc',515584,'doc','0a07a891767964e912a251d111fdf9c4','9699fb365ac6bc6d8f65c7be642b5768259c5cde','5314184c22827.doc','2014-03-03/') [ RunTime:0.070910s ]
INFO: [ app_end ] --START--
INFO: Run Behavior\ShowPageTrace [ RunTime:0.000961s ]
INFO: [ app_end ] --END-- [ RunTime:0.001069s ]

[ 2014-03-03T13:51:38+08:00 ] 127.0.0.1 /myproject/index.php/Admin/upload/upload
INFO: [ app_begin ] --START--
INFO: Run Behavior\ReadHtmlCache [ RunTime:0.000644s ]
INFO: [ app_begin ] --END-- [ RunTime:0.001073s ]
INFO: [ action_begin ] --START--
NOTIC: [2] Invalid argument supplied for foreach() E:\wamp\www\myproject\ThinkPHP\Library\Think\Hook.class.php 第 88 行.
INFO: [ action_begin ] --END-- [ RunTime:0.000101s ]
NOTIC: [2] call_user_func() expects parameter 1 to be a valid callback, no array or string given E:\wamp\www\myproject\ThinkPHP\Library\Think\Upload.class.php 第 167 行.
SQL: INSERT INTO `attachments` (`name`,`size`,`ext`,`md5`,`sha1`,`savename`,`savepath`) VALUES ('麦包包修改.doc',515584,'doc','0a07a891767964e912a251d111fdf9c4','9699fb365ac6bc6d8f65c7be642b5768259c5cde','5314186a4aea3.doc','2014-03-03/') [ RunTime:0.083811s ]
INFO: [ app_end ] --START--
INFO: Run Behavior\ShowPageTrace [ RunTime:0.000888s ]
INFO: [ app_end ] --END-- [ RunTime:0.000994s ]

[ 2014-03-03T13:55:29+08:00 ] 127.0.0.1 /myproject/index.php/Admin/upload/upload
INFO: [ app_begin ] --START--
INFO: Run Behavior\ReadHtmlCache [ RunTime:0.000693s ]
INFO: [ app_begin ] --END-- [ RunTime:0.001162s ]
INFO: [ action_begin ] --START--
NOTIC: [2] Invalid argument supplied for foreach() E:\wamp\www\myproject\ThinkPHP\Library\Think\Hook.class.php 第 88 行.
INFO: [ action_begin ] --END-- [ RunTime:0.000103s ]
NOTIC: [2] call_user_func() expects parameter 1 to be a valid callback, no array or string given E:\wamp\www\myproject\ThinkPHP\Library\Think\Upload.class.php 第 167 行.
NOTIC: [8] Undefined index: md5 E:\wamp\www\myproject\Application\Admin\Model\AttachmentsModel.class.php 第 14 行.
SQL: SELECT * FROM `attachments` WHERE ( `md5` = null ) LIMIT 1   [ RunTime:0.000234s ]
SQL: INSERT INTO `attachments` () VALUES () [ RunTime:0.097465s ]
INFO: [ app_end ] --START--
INFO: Run Behavior\ShowPageTrace [ RunTime:0.000908s ]
INFO: [ app_end ] --END-- [ RunTime:0.001018s ]

[ 2014-03-03T13:56:23+08:00 ] 127.0.0.1 /myproject/index.php/Admin/upload/upload
INFO: [ app_begin ] --START--
INFO: Run Behavior\ReadHtmlCache [ RunTime:0.000664s ]
INFO: [ app_begin ] --END-- [ RunTime:0.001089s ]
INFO: [ action_begin ] --START--
NOTIC: [2] Invalid argument supplied for foreach() E:\wamp\www\myproject\ThinkPHP\Library\Think\Hook.class.php 第 88 行.
INFO: [ action_begin ] --END-- [ RunTime:0.000101s ]
INFO: [ app_end ] --START--
INFO: Run Behavior\ShowPageTrace [ RunTime:0.000652s ]
INFO: [ app_end ] --END-- [ RunTime:0.000780s ]

[ 2014-03-03T13:57:08+08:00 ] 127.0.0.1 /myproject/index.php/Admin/upload/upload
INFO: [ app_begin ] --START--
INFO: Run Behavior\ReadHtmlCache [ RunTime:0.000624s ]
INFO: [ app_begin ] --END-- [ RunTime:0.001051s ]
INFO: [ action_begin ] --START--
NOTIC: [2] Invalid argument supplied for foreach() E:\wamp\www\myproject\ThinkPHP\Library\Think\Hook.class.php 第 88 行.
INFO: [ action_begin ] --END-- [ RunTime:0.000104s ]
INFO: [ app_end ] --START--
INFO: Run Behavior\ShowPageTrace [ RunTime:0.000806s ]
INFO: [ app_end ] --END-- [ RunTime:0.000941s ]

[ 2014-03-03T13:57:21+08:00 ] 127.0.0.1 /myproject/index.php/Admin/upload/upload
INFO: [ app_begin ] --START--
INFO: Run Behavior\ReadHtmlCache [ RunTime:0.000688s ]
INFO: [ app_begin ] --END-- [ RunTime:0.001191s ]
INFO: [ action_begin ] --START--
NOTIC: [2] Invalid argument supplied for foreach() E:\wamp\www\myproject\ThinkPHP\Library\Think\Hook.class.php 第 88 行.
INFO: [ action_begin ] --END-- [ RunTime:0.000112s ]
NOTIC: [2] call_user_func() expects parameter 1 to be a valid callback, no array or string given E:\wamp\www\myproject\ThinkPHP\Library\Think\Upload.class.php 第 167 行.
NOTIC: [8] Undefined index: md5 E:\wamp\www\myproject\Application\Admin\Model\AttachmentsModel.class.php 第 14 行.
SQL: SELECT * FROM `attachments` WHERE ( `md5` = null ) LIMIT 1   [ RunTime:0.000285s ]
SQL: INSERT INTO `attachments` () VALUES () [ RunTime:0.072315s ]
INFO: [ app_end ] --START--
INFO: Run Behavior\ShowPageTrace [ RunTime:0.000950s ]
INFO: [ app_end ] --END-- [ RunTime:0.001058s ]

[ 2014-03-03T14:01:28+08:00 ] 127.0.0.1 /myproject/index.php/Admin/upload/upload
INFO: [ app_begin ] --START--
INFO: Run Behavior\ReadHtmlCache [ RunTime:0.000762s ]
INFO: [ app_begin ] --END-- [ RunTime:0.001234s ]
INFO: [ action_begin ] --START--
NOTIC: [2] Invalid argument supplied for foreach() E:\wamp\www\myproject\ThinkPHP\Library\Think\Hook.class.php 第 88 行.
INFO: [ action_begin ] --END-- [ RunTime:0.000123s ]
NOTIC: [2] call_user_func() expects parameter 1 to be a valid callback, no array or string given E:\wamp\www\myproject\ThinkPHP\Library\Think\Upload.class.php 第 167 行.
NOTIC: [8] Undefined index: md5 E:\wamp\www\myproject\Application\Admin\Model\AttachmentsModel.class.php 第 14 行.
SQL: SELECT * FROM `attachments` WHERE ( `md5` = null ) LIMIT 1   [ RunTime:0.000274s ]
SQL: INSERT INTO `attachments` () VALUES () [ RunTime:0.081674s ]
INFO: [ app_end ] --START--
INFO: Run Behavior\ShowPageTrace [ RunTime:0.000924s ]
INFO: [ app_end ] --END-- [ RunTime:0.001034s ]

[ 2014-03-03T14:02:17+08:00 ] 127.0.0.1 /myproject/index.php/Admin/upload/upload
INFO: [ app_begin ] --START--
INFO: Run Behavior\ReadHtmlCache [ RunTime:0.001112s ]
INFO: [ app_begin ] --END-- [ RunTime:0.001734s ]
INFO: [ action_begin ] --START--
NOTIC: [2] Invalid argument supplied for foreach() E:\wamp\www\myproject\ThinkPHP\Library\Think\Hook.class.php 第 88 行.
INFO: [ action_begin ] --END-- [ RunTime:0.000149s ]
NOTIC: [2] call_user_func() expects parameter 1 to be a valid callback, no array or string given E:\wamp\www\myproject\ThinkPHP\Library\Think\Upload.class.php 第 167 行.
NOTIC: [8] Undefined index: md5 E:\wamp\www\myproject\Application\Admin\Model\AttachmentsModel.class.php 第 14 行.
SQL: SELECT * FROM `attachments` WHERE ( `md5` = null ) LIMIT 1   [ RunTime:0.000275s ]
SQL: INSERT INTO `attachments` () VALUES () [ RunTime:0.069294s ]
INFO: [ app_end ] --START--
INFO: Run Behavior\ShowPageTrace [ RunTime:0.000815s ]
INFO: [ app_end ] --END-- [ RunTime:0.000920s ]

[ 2014-03-03T14:02:39+08:00 ] 127.0.0.1 /myproject/index.php/Admin/upload/upload
INFO: [ app_begin ] --START--
INFO: Run Behavior\ReadHtmlCache [ RunTime:0.000728s ]
INFO: [ app_begin ] --END-- [ RunTime:0.001230s ]
INFO: [ action_begin ] --START--
NOTIC: [2] Invalid argument supplied for foreach() E:\wamp\www\myproject\ThinkPHP\Library\Think\Hook.class.php 第 88 行.
INFO: [ action_begin ] --END-- [ RunTime:0.000103s ]
NOTIC: [2] call_user_func() expects parameter 1 to be a valid callback, no array or string given E:\wamp\www\myproject\ThinkPHP\Library\Think\Upload.class.php 第 167 行.
NOTIC: [8] Undefined index: md5 E:\wamp\www\myproject\Application\Admin\Model\AttachmentsModel.class.php 第 14 行.
SQL: SELECT * FROM `attachments` WHERE ( `md5` = null ) LIMIT 1   [ RunTime:0.000263s ]
SQL: INSERT INTO `attachments` () VALUES () [ RunTime:0.060254s ]
INFO: [ app_end ] --START--
INFO: Run Behavior\ShowPageTrace [ RunTime:0.000900s ]
INFO: [ app_end ] --END-- [ RunTime:0.001006s ]

[ 2014-03-03T14:03:07+08:00 ] 127.0.0.1 /myproject/index.php/Admin/upload/upload
INFO: [ app_begin ] --START--
INFO: Run Behavior\ReadHtmlCache [ RunTime:0.000686s ]
INFO: [ app_begin ] --END-- [ RunTime:0.001125s ]
INFO: [ action_begin ] --START--
NOTIC: [2] Invalid argument supplied for foreach() E:\wamp\www\myproject\ThinkPHP\Library\Think\Hook.class.php 第 88 行.
INFO: [ action_begin ] --END-- [ RunTime:0.000111s ]
NOTIC: [2] call_user_func() expects parameter 1 to be a valid callback, no array or string given E:\wamp\www\myproject\ThinkPHP\Library\Think\Upload.class.php 第 167 行.
NOTIC: [8] Undefined index: md5 E:\wamp\www\myproject\Application\Admin\Model\AttachmentsModel.class.php 第 14 行.
SQL: SELECT * FROM `attachments` WHERE ( `md5` = null ) LIMIT 1   [ RunTime:0.000291s ]
SQL: INSERT INTO `attachments` () VALUES () [ RunTime:0.074243s ]
INFO: [ app_end ] --START--
INFO: Run Behavior\ShowPageTrace [ RunTime:0.000882s ]
INFO: [ app_end ] --END-- [ RunTime:0.000989s ]

[ 2014-03-03T14:03:11+08:00 ] 127.0.0.1 /myproject/index.php/Admin/upload/upload
INFO: [ app_begin ] --START--
INFO: Run Behavior\ReadHtmlCache [ RunTime:0.000658s ]
INFO: [ app_begin ] --END-- [ RunTime:0.001085s ]
INFO: [ action_begin ] --START--
NOTIC: [2] Invalid argument supplied for foreach() E:\wamp\www\myproject\ThinkPHP\Library\Think\Hook.class.php 第 88 行.
INFO: [ action_begin ] --END-- [ RunTime:0.000113s ]
NOTIC: [2] call_user_func() expects parameter 1 to be a valid callback, no array or string given E:\wamp\www\myproject\ThinkPHP\Library\Think\Upload.class.php 第 167 行.
NOTIC: [8] Undefined index: md5 E:\wamp\www\myproject\Application\Admin\Model\AttachmentsModel.class.php 第 14 行.
SQL: SELECT * FROM `attachments` WHERE ( `md5` = null ) LIMIT 1   [ RunTime:0.000290s ]
SQL: INSERT INTO `attachments` () VALUES () [ RunTime:0.062320s ]
INFO: [ app_end ] --START--
INFO: Run Behavior\ShowPageTrace [ RunTime:0.000890s ]
INFO: [ app_end ] --END-- [ RunTime:0.001016s ]

[ 2014-03-03T14:06:07+08:00 ] 127.0.0.1 /myproject/index.php/Admin/upload/upload
INFO: [ app_begin ] --START--
INFO: Run Behavior\ReadHtmlCache [ RunTime:0.001779s ]
INFO: [ app_begin ] --END-- [ RunTime:0.002617s ]
INFO: [ action_begin ] --START--
NOTIC: [2] Invalid argument supplied for foreach() E:\wamp\www\myproject\ThinkPHP\Library\Think\Hook.class.php 第 88 行.
INFO: [ action_begin ] --END-- [ RunTime:0.000115s ]
NOTIC: [2] call_user_func() expects parameter 1 to be a valid callback, no array or string given E:\wamp\www\myproject\ThinkPHP\Library\Think\Upload.class.php 第 167 行.
NOTIC: [8] Undefined index: md5 E:\wamp\www\myproject\Application\Admin\Model\AttachmentsModel.class.php 第 14 行.
SQL: SELECT * FROM `attachments` WHERE ( `md5` = null ) LIMIT 1   [ RunTime:0.000319s ]
SQL: INSERT INTO `attachments` () VALUES () [ RunTime:0.073992s ]
INFO: [ app_end ] --START--
INFO: Run Behavior\ShowPageTrace [ RunTime:0.001177s ]
INFO: [ app_end ] --END-- [ RunTime:0.001645s ]

[ 2014-03-03T14:44:57+08:00 ] 127.0.0.1 /myproject/index.php/Admin/upload/upload
INFO: [ app_begin ] --START--
INFO: Run Behavior\ReadHtmlCache [ RunTime:0.000630s ]
INFO: [ app_begin ] --END-- [ RunTime:0.001095s ]
INFO: [ action_begin ] --START--
NOTIC: [2] Invalid argument supplied for foreach() E:\wamp\www\myproject\ThinkPHP\Library\Think\Hook.class.php 第 88 行.
INFO: [ action_begin ] --END-- [ RunTime:0.000111s ]
NOTIC: [2] call_user_func() expects parameter 1 to be a valid callback, no array or string given E:\wamp\www\myproject\ThinkPHP\Library\Think\Upload.class.php 第 167 行.
ERR: Think\Model:saveFiles方法不存在！

[ 2014-03-03T14:45:29+08:00 ] 127.0.0.1 /myproject/index.php/Admin/upload/upload
INFO: [ app_begin ] --START--
INFO: Run Behavior\ReadHtmlCache [ RunTime:0.000583s ]
INFO: [ app_begin ] --END-- [ RunTime:0.001029s ]
INFO: [ action_begin ] --START--
NOTIC: [2] Invalid argument supplied for foreach() E:\wamp\www\myproject\ThinkPHP\Library\Think\Hook.class.php 第 88 行.
INFO: [ action_begin ] --END-- [ RunTime:0.000105s ]
NOTIC: [2] call_user_func() expects parameter 1 to be a valid callback, no array or string given E:\wamp\www\myproject\ThinkPHP\Library\Think\Upload.class.php 第 167 行.
ERR: Think\Model:saveFiles方法不存在！

[ 2014-03-03T14:46:00+08:00 ] 127.0.0.1 /myproject/index.php/Admin/upload/upload
INFO: [ app_begin ] --START--
INFO: Run Behavior\ReadHtmlCache [ RunTime:0.000660s ]
INFO: [ app_begin ] --END-- [ RunTime:0.001059s ]
INFO: [ action_begin ] --START--
NOTIC: [2] Invalid argument supplied for foreach() E:\wamp\www\myproject\ThinkPHP\Library\Think\Hook.class.php 第 88 行.
INFO: [ action_begin ] --END-- [ RunTime:0.000110s ]
NOTIC: [2] call_user_func() expects parameter 1 to be a valid callback, no array or string given E:\wamp\www\myproject\ThinkPHP\Library\Think\Upload.class.php 第 167 行.
NOTIC: [8] Undefined index: md5 E:\wamp\www\myproject\Application\Admin\Model\AttachmentsModel.class.php 第 14 行.
SQL: SELECT * FROM `attachments` WHERE ( `md5` = null ) LIMIT 1   [ RunTime:0.000380s ]
SQL: INSERT INTO `attachments` () VALUES () [ RunTime:0.099167s ]
INFO: [ app_end ] --START--
INFO: Run Behavior\ShowPageTrace [ RunTime:0.001600s ]
INFO: [ app_end ] --END-- [ RunTime:0.001810s ]

[ 2014-03-03T14:51:35+08:00 ] 127.0.0.1 /myproject/index.php/Admin/upload/upload
INFO: [ app_begin ] --START--
INFO: Run Behavior\ReadHtmlCache [ RunTime:0.000679s ]
INFO: [ app_begin ] --END-- [ RunTime:0.001120s ]
INFO: [ action_begin ] --START--
NOTIC: [2] Invalid argument supplied for foreach() E:\wamp\www\myproject\ThinkPHP\Library\Think\Hook.class.php 第 88 行.
INFO: [ action_begin ] --END-- [ RunTime:0.000107s ]
NOTIC: [2] Missing argument 1 for Think\Upload::uploadOne(), called in E:\wamp\www\myproject\Application\Admin\Controller\UploadController.class.php on line 20 and defined E:\wamp\www\myproject\ThinkPHP\Library\Think\Upload.class.php 第 108 行.
NOTIC: [8] Undefined variable: file E:\wamp\www\myproject\ThinkPHP\Library\Think\Upload.class.php 第 109 行.
NOTIC: [8] Undefined index: name E:\wamp\www\myproject\ThinkPHP\Library\Think\Upload.class.php 第 153 行.
NOTIC: [8] Undefined index: error E:\wamp\www\myproject\ThinkPHP\Library\Think\Upload.class.php 第 261 行.
NOTIC: [8] Undefined index: tmp_name E:\wamp\www\myproject\ThinkPHP\Library\Think\Upload.class.php 第 272 行.
INFO: [ app_end ] --START--
INFO: Run Behavior\ShowPageTrace [ RunTime:0.000711s ]
INFO: [ app_end ] --END-- [ RunTime:0.000818s ]

[ 2014-03-03T14:51:58+08:00 ] 127.0.0.1 /myproject/index.php/Admin/upload/upload
INFO: [ app_begin ] --START--
INFO: Run Behavior\ReadHtmlCache [ RunTime:0.000903s ]
INFO: [ app_begin ] --END-- [ RunTime:0.001802s ]
INFO: [ action_begin ] --START--
NOTIC: [2] Invalid argument supplied for foreach() E:\wamp\www\myproject\ThinkPHP\Library\Think\Hook.class.php 第 88 行.
INFO: [ action_begin ] --END-- [ RunTime:0.000107s ]
NOTIC: [2] Missing argument 1 for Think\Upload::uploadOne(), called in E:\wamp\www\myproject\Application\Admin\Controller\UploadController.class.php on line 20 and defined E:\wamp\www\myproject\ThinkPHP\Library\Think\Upload.class.php 第 108 行.
NOTIC: [8] Undefined variable: file E:\wamp\www\myproject\ThinkPHP\Library\Think\Upload.class.php 第 109 行.
NOTIC: [8] Undefined index: name E:\wamp\www\myproject\ThinkPHP\Library\Think\Upload.class.php 第 153 行.
NOTIC: [8] Undefined index: error E:\wamp\www\myproject\ThinkPHP\Library\Think\Upload.class.php 第 261 行.
NOTIC: [8] Undefined index: tmp_name E:\wamp\www\myproject\ThinkPHP\Library\Think\Upload.class.php 第 272 行.
INFO: [ app_end ] --START--
INFO: Run Behavior\ShowPageTrace [ RunTime:0.000739s ]
INFO: [ app_end ] --END-- [ RunTime:0.000841s ]

[ 2014-03-03T14:53:43+08:00 ] 127.0.0.1 /myproject/index.php/Admin/upload/upload
INFO: [ app_begin ] --START--
INFO: Run Behavior\ReadHtmlCache [ RunTime:0.000703s ]
INFO: [ app_begin ] --END-- [ RunTime:0.001163s ]
INFO: [ action_begin ] --START--
NOTIC: [2] Invalid argument supplied for foreach() E:\wamp\www\myproject\ThinkPHP\Library\Think\Hook.class.php 第 88 行.
INFO: [ action_begin ] --END-- [ RunTime:0.000102s ]
NOTIC: [2] Missing argument 1 for Think\Upload::uploadOne(), called in E:\wamp\www\myproject\Application\Admin\Controller\UploadController.class.php on line 20 and defined E:\wamp\www\myproject\ThinkPHP\Library\Think\Upload.class.php 第 108 行.
NOTIC: [8] Undefined variable: file E:\wamp\www\myproject\ThinkPHP\Library\Think\Upload.class.php 第 109 行.
NOTIC: [8] Undefined index: name E:\wamp\www\myproject\ThinkPHP\Library\Think\Upload.class.php 第 153 行.
NOTIC: [8] Undefined index: error E:\wamp\www\myproject\ThinkPHP\Library\Think\Upload.class.php 第 261 行.
NOTIC: [8] Undefined index: tmp_name E:\wamp\www\myproject\ThinkPHP\Library\Think\Upload.class.php 第 272 行.
INFO: [ app_end ] --START--
INFO: Run Behavior\ShowPageTrace [ RunTime:0.000755s ]
INFO: [ app_end ] --END-- [ RunTime:0.000860s ]

[ 2014-03-03T14:54:23+08:00 ] 127.0.0.1 /myproject/index.php/Admin/upload/upload
INFO: [ app_begin ] --START--
INFO: Run Behavior\ReadHtmlCache [ RunTime:0.000740s ]
INFO: [ app_begin ] --END-- [ RunTime:0.001190s ]
INFO: [ action_begin ] --START--
NOTIC: [2] Invalid argument supplied for foreach() E:\wamp\www\myproject\ThinkPHP\Library\Think\Hook.class.php 第 88 行.
INFO: [ action_begin ] --END-- [ RunTime:0.000123s ]
NOTIC: [2] Missing argument 1 for Think\Upload::uploadOne(), called in E:\wamp\www\myproject\Application\Admin\Controller\UploadController.class.php on line 20 and defined E:\wamp\www\myproject\ThinkPHP\Library\Think\Upload.class.php 第 108 行.
NOTIC: [8] Undefined variable: file E:\wamp\www\myproject\ThinkPHP\Library\Think\Upload.class.php 第 109 行.
NOTIC: [8] Undefined index: name E:\wamp\www\myproject\ThinkPHP\Library\Think\Upload.class.php 第 153 行.
NOTIC: [8] Undefined index: error E:\wamp\www\myproject\ThinkPHP\Library\Think\Upload.class.php 第 261 行.
NOTIC: [8] Undefined index: tmp_name E:\wamp\www\myproject\ThinkPHP\Library\Think\Upload.class.php 第 272 行.

[ 2014-03-03T14:56:30+08:00 ] 127.0.0.1 /myproject/index.php/Admin/upload/upload
INFO: [ app_begin ] --START--
INFO: Run Behavior\ReadHtmlCache [ RunTime:0.001222s ]
INFO: [ app_begin ] --END-- [ RunTime:0.001901s ]
INFO: [ action_begin ] --START--
NOTIC: [2] Invalid argument supplied for foreach() E:\wamp\www\myproject\ThinkPHP\Library\Think\Hook.class.php 第 88 行.
INFO: [ action_begin ] --END-- [ RunTime:0.000135s ]
NOTIC: [2] Missing argument 1 for Think\Upload::uploadOne(), called in E:\wamp\www\myproject\Application\Admin\Controller\UploadController.class.php on line 20 and defined E:\wamp\www\myproject\ThinkPHP\Library\Think\Upload.class.php 第 108 行.
NOTIC: [8] Undefined variable: file E:\wamp\www\myproject\ThinkPHP\Library\Think\Upload.class.php 第 109 行.
NOTIC: [8] Undefined index: name E:\wamp\www\myproject\ThinkPHP\Library\Think\Upload.class.php 第 153 行.
NOTIC: [8] Undefined index: error E:\wamp\www\myproject\ThinkPHP\Library\Think\Upload.class.php 第 261 行.
NOTIC: [8] Undefined index: tmp_name E:\wamp\www\myproject\ThinkPHP\Library\Think\Upload.class.php 第 272 行.

[ 2014-03-03T14:56:52+08:00 ] 127.0.0.1 /myproject/index.php/Admin/upload/upload
INFO: [ app_begin ] --START--
INFO: Run Behavior\ReadHtmlCache [ RunTime:0.001439s ]
INFO: [ app_begin ] --END-- [ RunTime:0.001960s ]
INFO: [ action_begin ] --START--
NOTIC: [2] Invalid argument supplied for foreach() E:\wamp\www\myproject\ThinkPHP\Library\Think\Hook.class.php 第 88 行.
INFO: [ action_begin ] --END-- [ RunTime:0.000110s ]
NOTIC: [2] call_user_func() expects parameter 1 to be a valid callback, no array or string given E:\wamp\www\myproject\ThinkPHP\Library\Think\Upload.class.php 第 167 行.

[ 2014-03-03T14:57:46+08:00 ] 127.0.0.1 /myproject/index.php/Admin/upload/upload
INFO: [ app_begin ] --START--
INFO: Run Behavior\ReadHtmlCache [ RunTime:0.000701s ]
INFO: [ app_begin ] --END-- [ RunTime:0.001180s ]
INFO: [ action_begin ] --START--
NOTIC: [2] Invalid argument supplied for foreach() E:\wamp\www\myproject\ThinkPHP\Library\Think\Hook.class.php 第 88 行.
INFO: [ action_begin ] --END-- [ RunTime:0.000106s ]
NOTIC: [2] call_user_func() expects parameter 1 to be a valid callback, no array or string given E:\wamp\www\myproject\ThinkPHP\Library\Think\Upload.class.php 第 167 行.
SQL: SELECT * FROM `attachments` WHERE ( `md5` = '2f794eeb46e63e0455f32d0a14a22758' ) LIMIT 1   [ RunTime:0.000248s ]
SQL: INSERT INTO `attachments` (`name`,`size`,`ext`,`md5`,`sha1`,`savename`,`savepath`) VALUES ('0211.txt',2570,'txt','2f794eeb46e63e0455f32d0a14a22758','981323ec76bab71264655d04c68cb337f89017ae','531427e9e1f8c.txt','2014-03-03/') [ RunTime:0.105496s ]
INFO: [ app_end ] --START--
INFO: Run Behavior\ShowPageTrace [ RunTime:0.001522s ]
INFO: [ app_end ] --END-- [ RunTime:0.001721s ]

[ 2014-03-03T14:59:01+08:00 ] 127.0.0.1 /myproject/index.php/Admin/upload/upload
INFO: [ app_begin ] --START--
INFO: Run Behavior\ReadHtmlCache [ RunTime:0.000640s ]
INFO: [ app_begin ] --END-- [ RunTime:0.001055s ]
INFO: [ action_begin ] --START--
NOTIC: [2] Invalid argument supplied for foreach() E:\wamp\www\myproject\ThinkPHP\Library\Think\Hook.class.php 第 88 行.
INFO: [ action_begin ] --END-- [ RunTime:0.000139s ]
NOTIC: [2] call_user_func() expects parameter 1 to be a valid callback, no array or string given E:\wamp\www\myproject\ThinkPHP\Library\Think\Upload.class.php 第 167 行.
SQL: SELECT * FROM `attachments` WHERE ( `md5` = '2f794eeb46e63e0455f32d0a14a22758' ) LIMIT 1   [ RunTime:0.000297s ]
INFO: [ app_end ] --START--
INFO: Run Behavior\ShowPageTrace [ RunTime:0.000803s ]
INFO: [ app_end ] --END-- [ RunTime:0.000909s ]

[ 2014-03-03T15:02:19+08:00 ] 127.0.0.1 /myproject/index.php/Admin/upload/upload
INFO: [ app_begin ] --START--
INFO: Run Behavior\ReadHtmlCache [ RunTime:0.000656s ]
INFO: [ app_begin ] --END-- [ RunTime:0.001054s ]
INFO: [ action_begin ] --START--
NOTIC: [2] Invalid argument supplied for foreach() E:\wamp\www\myproject\ThinkPHP\Library\Think\Hook.class.php 第 88 行.
INFO: [ action_begin ] --END-- [ RunTime:0.000102s ]
NOTIC: [2] call_user_func() expects parameter 1 to be a valid callback, no array or string given E:\wamp\www\myproject\ThinkPHP\Library\Think\Upload.class.php 第 167 行.
SQL: SELECT * FROM `attachments` WHERE ( `md5` = '2f794eeb46e63e0455f32d0a14a22758' ) LIMIT 1   [ RunTime:0.000287s ]

[ 2014-03-03T15:02:34+08:00 ] 127.0.0.1 /myproject/index.php/Admin/upload/upload
INFO: [ app_begin ] --START--
INFO: Run Behavior\ReadHtmlCache [ RunTime:0.000673s ]
INFO: [ app_begin ] --END-- [ RunTime:0.001099s ]
INFO: [ action_begin ] --START--
NOTIC: [2] Invalid argument supplied for foreach() E:\wamp\www\myproject\ThinkPHP\Library\Think\Hook.class.php 第 88 行.
INFO: [ action_begin ] --END-- [ RunTime:0.000105s ]
NOTIC: [2] call_user_func() expects parameter 1 to be a valid callback, no array or string given E:\wamp\www\myproject\ThinkPHP\Library\Think\Upload.class.php 第 167 行.
SQL: SELECT * FROM `attachments` WHERE ( `md5` = '2f794eeb46e63e0455f32d0a14a22758' ) LIMIT 1   [ RunTime:0.000290s ]

[ 2014-03-03T15:03:21+08:00 ] 127.0.0.1 /myproject/index.php/Admin/upload/upload
INFO: [ app_begin ] --START--
INFO: Run Behavior\ReadHtmlCache [ RunTime:0.001698s ]
INFO: [ app_begin ] --END-- [ RunTime:0.002586s ]
INFO: [ action_begin ] --START--
NOTIC: [2] Invalid argument supplied for foreach() E:\wamp\www\myproject\ThinkPHP\Library\Think\Hook.class.php 第 88 行.
INFO: [ action_begin ] --END-- [ RunTime:0.000131s ]
NOTIC: [2] call_user_func() expects parameter 1 to be a valid callback, no array or string given E:\wamp\www\myproject\ThinkPHP\Library\Think\Upload.class.php 第 167 行.
SQL: SELECT * FROM `attachments` WHERE ( `md5` = '871827d40a11f8791ef7ff94fc11af6b' ) LIMIT 1   [ RunTime:0.000332s ]
SQL: INSERT INTO `attachments` (`name`,`size`,`ext`,`md5`,`sha1`,`savename`,`savepath`) VALUES ('.htaccess',113,'htaccess','871827d40a11f8791ef7ff94fc11af6b','4d9f8b04e6ca0faf7c7759491658defd9ea9c2a6','53142939cd72f.htaccess','2014-03-03/') [ RunTime:0.080620s ]

[ 2014-03-03T15:03:51+08:00 ] 127.0.0.1 /myproject/index.php/Admin/upload/upload
INFO: [ app_begin ] --START--
INFO: Run Behavior\ReadHtmlCache [ RunTime:0.000647s ]
INFO: [ app_begin ] --END-- [ RunTime:0.001067s ]
INFO: [ action_begin ] --START--
NOTIC: [2] Invalid argument supplied for foreach() E:\wamp\www\myproject\ThinkPHP\Library\Think\Hook.class.php 第 88 行.
INFO: [ action_begin ] --END-- [ RunTime:0.000301s ]
NOTIC: [2] call_user_func() expects parameter 1 to be a valid callback, no array or string given E:\wamp\www\myproject\ThinkPHP\Library\Think\Upload.class.php 第 167 行.
SQL: SELECT * FROM `attachments` WHERE ( `md5` = '871827d40a11f8791ef7ff94fc11af6b' ) LIMIT 1   [ RunTime:0.000333s ]

[ 2014-03-03T15:03:56+08:00 ] 127.0.0.1 /myproject/index.php/Admin/upload/upload
INFO: [ app_begin ] --START--
INFO: Run Behavior\ReadHtmlCache [ RunTime:0.000804s ]
INFO: [ app_begin ] --END-- [ RunTime:0.001314s ]
INFO: [ action_begin ] --START--
NOTIC: [2] Invalid argument supplied for foreach() E:\wamp\www\myproject\ThinkPHP\Library\Think\Hook.class.php 第 88 行.
INFO: [ action_begin ] --END-- [ RunTime:0.000106s ]
NOTIC: [2] call_user_func() expects parameter 1 to be a valid callback, no array or string given E:\wamp\www\myproject\ThinkPHP\Library\Think\Upload.class.php 第 167 行.
SQL: SELECT * FROM `attachments` WHERE ( `md5` = '871827d40a11f8791ef7ff94fc11af6b' ) LIMIT 1   [ RunTime:0.000339s ]

[ 2014-03-03T15:04:11+08:00 ] 127.0.0.1 /myproject/index.php/Admin/upload/upload
INFO: [ app_begin ] --START--
INFO: Run Behavior\ReadHtmlCache [ RunTime:0.001808s ]
INFO: [ app_begin ] --END-- [ RunTime:0.002821s ]
INFO: [ action_begin ] --START--
NOTIC: [2] Invalid argument supplied for foreach() E:\wamp\www\myproject\ThinkPHP\Library\Think\Hook.class.php 第 88 行.
INFO: [ action_begin ] --END-- [ RunTime:0.000114s ]
NOTIC: [2] call_user_func() expects parameter 1 to be a valid callback, no array or string given E:\wamp\www\myproject\ThinkPHP\Library\Think\Upload.class.php 第 167 行.
SQL: SELECT * FROM `attachments` WHERE ( `md5` = '9709d57a448ff17b6d3f759e07d86b6a' ) LIMIT 1   [ RunTime:0.000293s ]
SQL: INSERT INTO `attachments` (`name`,`size`,`ext`,`md5`,`sha1`,`savename`,`savepath`) VALUES ('应用研发部门考核评价表.xlsx',15329,'xlsx','9709d57a448ff17b6d3f759e07d86b6a','90bc038776162a7acc7ad90988373831af745038','5314296bccd4a.xlsx','2014-03-03/') [ RunTime:0.084429s ]

[ 2014-03-03T15:06:17+08:00 ] 127.0.0.1 /myproject/index.php/Admin/upload/upload
INFO: [ app_begin ] --START--
INFO: Run Behavior\ReadHtmlCache [ RunTime:0.000630s ]
INFO: [ app_begin ] --END-- [ RunTime:0.001092s ]
INFO: [ action_begin ] --START--
NOTIC: [2] Invalid argument supplied for foreach() E:\wamp\www\myproject\ThinkPHP\Library\Think\Hook.class.php 第 88 行.
INFO: [ action_begin ] --END-- [ RunTime:0.000112s ]
NOTIC: [2] call_user_func() expects parameter 1 to be a valid callback, no array or string given E:\wamp\www\myproject\ThinkPHP\Library\Think\Upload.class.php 第 167 行.
SQL: SELECT * FROM `attachments` WHERE ( `md5` = '9709d57a448ff17b6d3f759e07d86b6a' ) LIMIT 1   [ RunTime:0.000374s ]

[ 2014-03-03T15:07:02+08:00 ] 127.0.0.1 /myproject/index.php/Admin/upload/upload
INFO: [ app_begin ] --START--
INFO: Run Behavior\ReadHtmlCache [ RunTime:0.000701s ]
INFO: [ app_begin ] --END-- [ RunTime:0.001191s ]
INFO: [ action_begin ] --START--
NOTIC: [2] Invalid argument supplied for foreach() E:\wamp\www\myproject\ThinkPHP\Library\Think\Hook.class.php 第 88 行.
INFO: [ action_begin ] --END-- [ RunTime:0.000107s ]
NOTIC: [2] call_user_func() expects parameter 1 to be a valid callback, no array or string given E:\wamp\www\myproject\ThinkPHP\Library\Think\Upload.class.php 第 167 行.
SQL: SELECT * FROM `attachments` WHERE ( `md5` = '9709d57a448ff17b6d3f759e07d86b6a' ) LIMIT 1   [ RunTime:0.000333s ]

[ 2014-03-03T15:07:44+08:00 ] 127.0.0.1 /myproject/index.php/Admin/upload/upload
INFO: [ app_begin ] --START--
INFO: Run Behavior\ReadHtmlCache [ RunTime:0.000716s ]
INFO: [ app_begin ] --END-- [ RunTime:0.001290s ]
INFO: [ action_begin ] --START--
NOTIC: [2] Invalid argument supplied for foreach() E:\wamp\www\myproject\ThinkPHP\Library\Think\Hook.class.php 第 88 行.
INFO: [ action_begin ] --END-- [ RunTime:0.000108s ]
NOTIC: [2] call_user_func() expects parameter 1 to be a valid callback, no array or string given E:\wamp\www\myproject\ThinkPHP\Library\Think\Upload.class.php 第 167 行.
SQL: SELECT * FROM `attachments` WHERE ( `md5` = '2f28cb723491b9d23e567ed314be9ea1' ) LIMIT 1   [ RunTime:0.000318s ]
SQL: INSERT INTO `attachments` (`name`,`size`,`ext`,`md5`,`sha1`,`savename`,`savepath`) VALUES ('php-access.txt',138,'txt','2f28cb723491b9d23e567ed314be9ea1','dec6c33d3a95545326ef8e5089f7327f68fa6a32','53142a40717e3.txt','2014-03-03/') [ RunTime:0.085253s ]

[ 2014-03-03T15:08:05+08:00 ] 127.0.0.1 /myproject/index.php/Admin/upload/upload
INFO: [ app_begin ] --START--
INFO: Run Behavior\ReadHtmlCache [ RunTime:0.001539s ]
INFO: [ app_begin ] --END-- [ RunTime:0.002219s ]
INFO: [ action_begin ] --START--
NOTIC: [2] Invalid argument supplied for foreach() E:\wamp\www\myproject\ThinkPHP\Library\Think\Hook.class.php 第 88 行.
INFO: [ action_begin ] --END-- [ RunTime:0.000123s ]
NOTIC: [2] call_user_func() expects parameter 1 to be a valid callback, no array or string given E:\wamp\www\myproject\ThinkPHP\Library\Think\Upload.class.php 第 167 行.
SQL: SELECT * FROM `attachments` WHERE ( `md5` = '871827d40a11f8791ef7ff94fc11af6b' ) LIMIT 1   [ RunTime:0.000281s ]

[ 2014-03-03T15:09:36+08:00 ] 127.0.0.1 /myproject/index.php/Admin/upload/upload
INFO: [ app_begin ] --START--
INFO: Run Behavior\ReadHtmlCache [ RunTime:0.000659s ]
INFO: [ app_begin ] --END-- [ RunTime:0.001108s ]
INFO: [ action_begin ] --START--
NOTIC: [2] Invalid argument supplied for foreach() E:\wamp\www\myproject\ThinkPHP\Library\Think\Hook.class.php 第 88 行.
INFO: [ action_begin ] --END-- [ RunTime:0.000100s ]
NOTIC: [2] call_user_func() expects parameter 1 to be a valid callback, no array or string given E:\wamp\www\myproject\ThinkPHP\Library\Think\Upload.class.php 第 167 行.
SQL: SELECT * FROM `attachments` WHERE ( `md5` = '871827d40a11f8791ef7ff94fc11af6b' ) LIMIT 1   [ RunTime:0.000378s ]

[ 2014-03-03T15:10:12+08:00 ] 127.0.0.1 /myproject/index.php/Admin/upload/upload
INFO: [ app_begin ] --START--
INFO: Run Behavior\ReadHtmlCache [ RunTime:0.000704s ]
INFO: [ app_begin ] --END-- [ RunTime:0.001199s ]
INFO: [ action_begin ] --START--
NOTIC: [2] Invalid argument supplied for foreach() E:\wamp\www\myproject\ThinkPHP\Library\Think\Hook.class.php 第 88 行.
INFO: [ action_begin ] --END-- [ RunTime:0.000098s ]
NOTIC: [2] call_user_func() expects parameter 1 to be a valid callback, no array or string given E:\wamp\www\myproject\ThinkPHP\Library\Think\Upload.class.php 第 167 行.
SQL: SELECT * FROM `attachments` WHERE ( `md5` = '871827d40a11f8791ef7ff94fc11af6b' ) LIMIT 1   [ RunTime:0.000276s ]

[ 2014-03-03T15:13:48+08:00 ] 127.0.0.1 /myproject/index.php/Admin/upload/upload
INFO: [ app_begin ] --START--
INFO: Run Behavior\ReadHtmlCache [ RunTime:0.000697s ]
INFO: [ app_begin ] --END-- [ RunTime:0.001167s ]
INFO: [ action_begin ] --START--
NOTIC: [2] Invalid argument supplied for foreach() E:\wamp\www\myproject\ThinkPHP\Library\Think\Hook.class.php 第 88 行.
INFO: [ action_begin ] --END-- [ RunTime:0.000128s ]
NOTIC: [2] call_user_func() expects parameter 1 to be a valid callback, no array or string given E:\wamp\www\myproject\ThinkPHP\Library\Think\Upload.class.php 第 167 行.
SQL: SELECT * FROM `attachments` WHERE ( `md5` = '871827d40a11f8791ef7ff94fc11af6b' ) LIMIT 1   [ RunTime:0.000397s ]

[ 2014-03-03T15:14:43+08:00 ] 127.0.0.1 /myproject/index.php/Admin/upload/upload
INFO: [ app_begin ] --START--
INFO: Run Behavior\ReadHtmlCache [ RunTime:0.000853s ]
INFO: [ app_begin ] --END-- [ RunTime:0.001353s ]
INFO: [ action_begin ] --START--
NOTIC: [2] Invalid argument supplied for foreach() E:\wamp\www\myproject\ThinkPHP\Library\Think\Hook.class.php 第 88 行.
INFO: [ action_begin ] --END-- [ RunTime:0.000114s ]
NOTIC: [2] call_user_func() expects parameter 1 to be a valid callback, no array or string given E:\wamp\www\myproject\ThinkPHP\Library\Think\Upload.class.php 第 167 行.
SQL: SELECT * FROM `attachments` WHERE ( `md5` = '871827d40a11f8791ef7ff94fc11af6b' ) LIMIT 1   [ RunTime:0.000279s ]

[ 2014-03-03T15:14:58+08:00 ] 127.0.0.1 /myproject/index.php/Admin/upload/upload
INFO: [ app_begin ] --START--
INFO: Run Behavior\ReadHtmlCache [ RunTime:0.000719s ]
INFO: [ app_begin ] --END-- [ RunTime:0.001287s ]
INFO: [ action_begin ] --START--
NOTIC: [2] Invalid argument supplied for foreach() E:\wamp\www\myproject\ThinkPHP\Library\Think\Hook.class.php 第 88 行.
INFO: [ action_begin ] --END-- [ RunTime:0.000110s ]
NOTIC: [2] call_user_func() expects parameter 1 to be a valid callback, no array or string given E:\wamp\www\myproject\ThinkPHP\Library\Think\Upload.class.php 第 167 行.
SQL: SELECT * FROM `attachments` WHERE ( `md5` = '871827d40a11f8791ef7ff94fc11af6b' ) LIMIT 1   [ RunTime:0.000246s ]

[ 2014-03-03T17:50:24+08:00 ] 127.0.0.1 /myproject/index.php/Admin/Public/Index/index
ERR: 非法操作:index

